-------------------------------------------------------------------------------------------------------
      name:  <unnamed>
       log:  C:\ian\git\metafish\simulation\twoSPsimresults.log
  log type:  text
 opened on:  24 Apr 2026, 18:18:18

. /*
> twoSPsimresults.do
> Simulation study to evaluate two-stage Poisson (2SP) method for meta-analysis of TTE data
> Main results for paper
> */
. 
. set linesize 120

. 
. // DESCRIPTIVE
. use twoSPcombine, clear 
(Combined results from twoSPsimrun and twoSPsimrun2)

. foreach var in d n singlezeroes doublezeroes {
  2.         replace `var'=`var'/studies
  3. }
(48,000 real changes made)
(48,000 real changes made)
(9,397 real changes made)
(541 real changes made)

. foreach var in singlezeroes doublezeroes {
  2.         replace `var'=100*`var'
  3. }
(9,397 real changes made)
(541 real changes made)

. summ d n singlezeroes doublezeroes 

    Variable |        Obs        Mean    Std. dev.       Min        Max
-------------+---------------------------------------------------------
           d |     48,000    29.52993    21.60093        2.2         94
           n |     48,000    651.0702    71.20509        384      915.2
singlezeroes |     48,000    2.616563    6.583188          0         80
doublezeroes |     48,000    .0865625    1.010532          0         20

. collapse (mean) d single doublez, by(gamma tau aratio)

. order gamma tau aratio

. format d %6.0f

. format *zeroes %6.1f

. l, noo clean abb(20)

    gamma   tau   aratio    d   singlezeroes   doublezeroes  
       -6     0        1    8            6.5            0.2  
       -6     0        2    8            7.9            0.2  
       -6    .3        1    8            7.4            0.2  
       -6    .3        2    8            8.7            0.3  
       -5     0        1   22            0.1            0.0  
       -5     0        2   21            0.2            0.0  
       -5    .3        1   23            0.3            0.0  
       -5    .3        2   22            0.3            0.0  
       -4     0        1   59            0.0            0.0  
       -4     0        2   56            0.0            0.0  
       -4    .3        1   60            0.0            0.0  
       -4    .3        2   58            0.0            0.0  

. 
. 
. // NON-CONVERGENCE
. use twoSPcombine, clear
(Combined results from twoSPsimrun and twoSPsimrun2)

. mvpatterns bCox* bWei*
variables with no mv's: bCox_i bCox

Variable     | type     obs   mv   variable label
-------------+-----------------------------------
bWei         | float  47949   51   
bWei_RE      | float  47982   18   
bWei_REc     | float  47954   46   
-------------------------------------------------

Patterns of missing values

  +------------------------+
  | _pattern   _mv   _freq |
  |------------------------|
  |      +++     0   47885 |
  |      .++     1      51 |
  |      ++.     1      46 |
  |      +.+     1      18 |
  +------------------------+

. mvpatterns bN* bP*
variables with no mv's: bN bN_RE bPU bPW

Variable     | type     obs   mv   variable label
-------------+-----------------------------------
bPU_RE       | float  47535  465   
bPW_RE       | float  47588  412   
bPU_REc      | float  47793  207   
bPW_REc      | float  47803  197   
-------------------------------------------------

Patterns of missing values

  +------------------------+
  | _pattern   _mv   _freq |
  |------------------------|
  |     ++++     0   46750 |
  |     .+++     1     442 |
  |     +.++     1     389 |
  |     ++.+     1     198 |
  |     +++.     1     190 |
  |------------------------|
  |     ..++     2      21 |
  |     ++..     2       6 |
  |     +..+     2       2 |
  |     .++.     2       1 |
  |     .+.+     2       1 |
  +------------------------+

. 
. 
. // COMPARE REFERENCE METHODS
. use twoSPcombine, clear
(Combined results from twoSPsimrun and twoSPsimrun2)

. gen absdiff=abs(bWei - bCox)
(51 missing values generated)

. su absdiff

    Variable |        Obs        Mean    Std. dev.       Min        Max
-------------+---------------------------------------------------------
     absdiff |     47,949    .0004406    .0003648   2.98e-08   .0038844

. * Wei and Cox never differ by more than 0.004
. 
. drop error* tauCox* tauWei* tauN* tauP* 

. siman setup, dgm(aratio gamma studies tau) rep(rep) est(b) se(s) method(Cox Cox_i Wei) true(beta)
Warning: siman setup found unwanted variables: n d singlezeroes doublezeroes sdb sdbw bWei_RE sWei_RE bWei_REc sWei_REc
  bN sN bPU sPU bPW sPW bN_RE sN_RE bPU_RE sPU_RE bPW_RE sPW_RE bPU_REc sPU_REc bPW_REc sPW_REc absdiff

                   SUMMARY OF DATA
_____________________________________________________

Data-generating mechanism (DGM)
  DGM variables (# levels):       aratio (2) gamma (3) studies (2) tau (2) 
  Total number of DGMs:           24

Targets
  Variable containing targets:    -
  Number of targets:              1
  Target values:                  

Methods
  Variable containing methods:    method
  Number of methods:              3
  Method values:                  Cox; Cox_i; Wei

Repetition-level output
  Point estimate variable:        b
  SE variable:                    s
  df variable:                    -
  Conf. limit variables:          -
  p-value variable:               -
  True value variable:            beta

Estimates data                    in data
Performance statistics            not in data
_____________________________________________________

. siman ana, max(15)
siman analyse has run successfully

. siman nes pctbias, ///
>         legend(pos(3) col(1)) stagger(.05) $PPT ///
>         dglabsize(small) lw(*2 = = =) dglwidth(*2) ///
>         lcol(black green purple) lpat(solid = =) ///
>         name(compareC,replace) yla(-15(5)5)
siman nestloop will draw 1 graphs (1 targets * 1 performance measures)

. siman nes modelse, ///
>         legend(pos(3) col(1)) stagger(.05) $PPT ///
>         dglabsize(small) lw(*2 = = =) dglwidth(*2) ///
>         lcol(black green purple) lpat(solid = =) ///
>         name(compareC,replace) yla(0 .1 .2 .3)
siman nestloop will draw 1 graphs (1 targets * 1 performance measures)

. * the 3 methods have indistinguishable bias and modelSE
. table studies method if rep==-4, stat(min s) stat(max s)

--------------------------------------------------------------
                  |                    method                 
                  |       Cox      Cox_i        Wei      Total
------------------+-------------------------------------------
studies           |                                           
  5               |                                           
    Minimum value |  .8950903   .8965821    .895924   .8950903
    Maximum value |  2.848114   2.848119   2.843098   2.848119
  20              |                                           
    Minimum value |  .4460117   .4466073   .4464405   .4460117
    Maximum value |  1.296975   1.299958   1.300155   1.300155
  Total           |                                           
    Minimum value |  .4460117   .4466073   .4464405   .4460117
    Maximum value |  2.848114   2.848119   2.843098   2.848119
--------------------------------------------------------------

. table studies method if rep==-6, stat(min s) stat(max s)

--------------------------------------------------------------
                  |                    method                 
                  |       Cox      Cox_i        Wei      Total
------------------+-------------------------------------------
studies           |                                           
  5               |                                           
    Minimum value |  .0018992   .0019024    .001901   .0018992
    Maximum value |  .0060433   .0060433   .0060326   .0060433
  20              |                                           
    Minimum value |  .0009464   .0009476   .0009473   .0009464
    Maximum value |   .002752   .0027583   .0027587   .0027587
  Total           |                                           
    Minimum value |  .0009464   .0009476   .0009473   .0009464
    Maximum value |  .0060433   .0060433   .0060326   .0060433
--------------------------------------------------------------

. 
. 
. // COMPARE UNWEIGHTED AND WEIGHTED P METHODS
. use twoSPcombine, clear
(Combined results from twoSPsimrun and twoSPsimrun2)

. drop error* tauCox* tauWei* tauN* tauP*

. siman setup, dgm(aratio gamma studies tau) rep(rep) est(b) se(s) method(PU PW PU_REc PW_REc) true(beta)
Warning: siman setup found unwanted variables: n d singlezeroes doublezeroes sdb sdbw bCox_i sCox_i bWei sWei bWei_RE
  sWei_RE bWei_REc sWei_REc bCox sCox bN sN bN_RE sN_RE bPU_RE sPU_RE bPW_RE sPW_RE

                   SUMMARY OF DATA
_____________________________________________________

Data-generating mechanism (DGM)
  DGM variables (# levels):       aratio (2) gamma (3) studies (2) tau (2) 
  Total number of DGMs:           24

Targets
  Variable containing targets:    -
  Number of targets:              1
  Target values:                  

Methods
  Variable containing methods:    method
  Number of methods:              4
  Method values:                  PU; PW; PU_REc; PW_REc

Repetition-level output
  Point estimate variable:        b
  SE variable:                    s
  df variable:                    -
  Conf. limit variables:          -
  p-value variable:               -
  True value variable:            beta

Estimates data                    in data
Performance statistics            not in data
_____________________________________________________

. siman ana
siman analyse has run successfully

. siman nes pctbias ///
>         if inlist(method,"PU":methodlabel,"PW":methodlabel), ///
>         legend(pos(3) col(1)) stagger(.05) $PPT ///
>         dglabsize(small) lw(*2 = = =) dglwidth(*2) ///
>         lcol(red =) lpat(solid dash) ///
>         name(weightingCE,replace) yla(-15(5)5)
siman nestloop will draw 1 graphs (1 targets * 1 performance measures)

. siman nes modelse ///
>         if inlist(method,"PU":methodlabel,"PW":methodlabel), ///
>         legend(pos(3) col(1)) stagger(.05) $PPT ///
>         dglabsize(small) lw(*2 = = =) dglwidth(*2) ///
>         lcol(red =) lpat(solid dash) ///
>         name(weightingCE,replace) yla(.1 .2 .3)
siman nestloop will draw 1 graphs (1 targets * 1 performance measures)

. siman nes pctbias ///
>         if inlist(method,"PU_REc":methodlabel,"PW_REc":methodlabel), ///
>         legend(pos(3) col(1)) stagger(.05) $PPT ///
>         dglabsize(small) lw(*2 = = =) dglwidth(*2) ///
>         lcol(red =) lpat(solid dash) ///
>         name(weightingRE,replace) yla(-15(5)5)
siman nestloop will draw 1 graphs (1 targets * 1 performance measures)

. siman nes modelse ///
>         if inlist(method,"PU_REc":methodlabel,"PW_REc":methodlabel), ///
>         legend(pos(3) col(1)) stagger(.05) $PPT ///
>         dglabsize(small) lw(*2 = = =) dglwidth(*2) ///
>         lcol(red =) lpat(solid dash) ///
>         name(weightingRE,replace) yla(.1 .2 .3 .4)
siman nestloop will draw 1 graphs (1 targets * 1 performance measures)

. table gamma studies if rep<0 & _perf=="pctbias", stat(max s) stat(min s) nformat(%6.3f)

------------------------------------------
                  |         studies       
                  |      5      20   Total
------------------+-----------------------
gamma             |                       
  -6              |                       
    Maximum value |  2.909   1.322   2.909
    Minimum value |  2.509   1.175   1.175
  -5              |                       
    Maximum value |  1.861   0.906   1.861
    Minimum value |  1.490   0.725   0.725
  -4              |                       
    Maximum value |  1.438   0.697   1.438
    Minimum value |  0.897   0.447   0.447
  Total           |                       
    Maximum value |  2.909   1.322   2.909
    Minimum value |  0.897   0.447   0.447
------------------------------------------

. * pctbias: Monte Carlo error varies from 0.9 to 2.7 with 5 studies and from 0.4 to 1.3 with 20 studies
. * modelse: Monte Carlo error < 0.003
. 
. 
. // COMPARE UNCENTRED AND CENTRED METHODS
. use twoSPcombine, clear
(Combined results from twoSPsimrun and twoSPsimrun2)

. drop error* tauCox* tauWei* tauN* tauP*

. siman setup, dgm(aratio gamma studies tau) rep(rep) est(b) se(s) method(Wei_REc Wei_RE PU_REc PU_RE) true(beta)
Warning: siman setup found unwanted variables: n d singlezeroes doublezeroes sdb sdbw bCox_i sCox_i bWei sWei bCox sCox
  bN sN bPU sPU bPW sPW bN_RE sN_RE bPW_RE sPW_RE bPW_REc sPW_REc

                   SUMMARY OF DATA
_____________________________________________________

Data-generating mechanism (DGM)
  DGM variables (# levels):       aratio (2) gamma (3) studies (2) tau (2) 
  Total number of DGMs:           24

Targets
  Variable containing targets:    -
  Number of targets:              1
  Target values:                  

Methods
  Variable containing methods:    method
  Number of methods:              4
  Method values:                  Wei_REc; Wei_RE; PU_REc; PU_RE

Repetition-level output
  Point estimate variable:        b
  SE variable:                    s
  df variable:                    -
  Conf. limit variables:          -
  p-value variable:               -
  True value variable:            beta

Estimates data                    in data
Performance statistics            not in data
_____________________________________________________

. siman ana
siman analyse has run successfully

. siman nes pctbias ///
>         if inlist(method,"PU_RE":methodlabel,"PU_REc":methodlabel), ///
>         legend(pos(3) col(1)) stagger(.05) $PPT ///
>         dglabsize(small) lw(*2 = = =) dglwidth(*2) ///
>         lcol(red =) lpat(solid dash) ///
>         name(centringPU,replace) yla(-15(5)5)
siman nestloop will draw 1 graphs (1 targets * 1 performance measures)

. siman nes cover ///
>         if inlist(method,"PU_RE":methodlabel,"PU_REc":methodlabel), ///
>         legend(pos(3) col(1)) stagger(.05) $PPT ///
>         dglabsize(small) lw(*2 = = =) dglwidth(*2) ///
>         lcol(red =) lpat(solid dash) ///
>         name(centringPU,replace) yla(80(5)100)
siman nestloop will draw 1 graphs (1 targets * 1 performance measures)

. siman nes pctbias ///
>         if inlist(method,"Wei_RE":methodlabel,"Wei_REc":methodlabel), ///
>         legend(pos(3) col(1)) stagger(.05) $PPT ///
>         dglabsize(small) lw(*2 = = =) dglwidth(*2) ///
>         lcol(black =) lpat(solid dash) ///
>         name(centringWei,replace) yla(-15(5)5)
siman nestloop will draw 1 graphs (1 targets * 1 performance measures)

. siman nes cover ///
>         if inlist(method,"Wei_RE":methodlabel,"Wei_REc":methodlabel), ///
>         legend(pos(3) col(1)) stagger(.05) $PPT ///
>         dglabsize(small) lw(*2 = = =) dglwidth(*2) ///
>         lcol(black =) lpat(solid dash) ///
>         name(centringWei,replace) yla(80(5)100)
siman nestloop will draw 1 graphs (1 targets * 1 performance measures)

. table studies method if rep==-4, stat(min s) stat(max s)

-------------------------------------------------------------------------
                  |                         method                       
                  |   Wei_REc     Wei_RE     PU_REc      PU_RE      Total
------------------+------------------------------------------------------
studies           |                                                      
  5               |                                                      
    Minimum value |  .8972858   .8984234   .9017511   .9037951   .8972858
    Maximum value |  2.905633   2.901502   2.903346    2.91096    2.91096
  20              |                                                      
    Minimum value |  .4476406   .4462549   .4481794   .4489251   .4462549
    Maximum value |  1.315204   1.302303   1.319397   1.307058   1.319397
  Total           |                                                      
    Minimum value |  .4476406   .4462549   .4481794   .4489251   .4462549
    Maximum value |  2.905633   2.901502   2.903346    2.91096    2.91096
-------------------------------------------------------------------------

. * pctbias: Monte Carlo error varies from 0.9 to 2.9 with 5 studies and from 0.4 to 1.3 with 20 studies
. table studies method if rep==-13, stat(min s) stat(max s)

-------------------------------------------------------------------------
                  |                         method                       
                  |   Wei_REc     Wei_RE     PU_REc      PU_RE      Total
------------------+------------------------------------------------------
studies           |                                                      
  5               |                                                      
    Minimum value |   .435544   .4461877   .4243731   .4433879   .4243731
    Maximum value |  .7462801   .8607653    .741339   .8646815   .8646815
  20              |                                                      
    Minimum value |  .4512959   .4826956   .4622193   .4910754   .4512959
    Maximum value |  .6261542    .884897   .6241935    .888263    .888263
  Total           |                                                      
    Minimum value |   .435544   .4461877   .4243731   .4433879   .4243731
    Maximum value |  .7462801    .884897    .741339    .888263    .888263
-------------------------------------------------------------------------

. * cover: Monte Carlo error varies from 0.4 to 0.9%.
. 
. 
. // SCATTER PLOT OF DIFFERENCES FROM C: HOM, CE METHODS
. use twoSPcombine, clear
(Combined results from twoSPsimrun and twoSPsimrun2)

. drop error* tauCox* tauWei* tauN* tauP* sCox* sWei* sN* sP*

. foreach method in N PU {
  2.         gen e`method' = b`method' - bCox
  3. }

. reshape long e, i(studies aratio gamma tau rep) j(method) string
(j = N PU)

Data                               Wide   ->   Long
-----------------------------------------------------------------------------
Number of observations           48,000   ->   96,000      
Number of variables                  27   ->   27          
j variable (2 values)                     ->   method
xij variables:
                                 eN ePU   ->   e
-----------------------------------------------------------------------------

. label var e "Difference from Cox"

. label var bCox "Cox"

. egen emean = mean(e), by(aratio method)

. gen zero=0

. recast double tau

. replace tau = round(tau,.1)
(48,000 real changes made)

. keep if studies==5 & tau==0
(72,000 observations deleted)

. *scatter e bC, mcol(blue) || line emean zero bC, lcol(blue black) by(method aratio gamma, legend(off) col(3) note("") 
> t2title(gamma=-6                  gamma=-5                  gamma=-4)) ytitle("      2-stage Poisson                  
>  2-stage Normal" "     aratio=2        aratio=1        aratio=2        aratio=1") subtitle("")
. scatter e bCox, mcol(blue) || ///
>         line emean zero bCox, lcol(blue black) ///
>         by(method gamma aratio, legend(off) col(6) note("") ///
>                 t2title("gamma=-6                                      gamma=-5                                      g
> amma=-4" "aratio=1                aratio=2                aratio=1                aratio=2                aratio=1    
>             aratio=2")) ///
>         ytitle("    log HR, Poisson approx     log HR, Normal approx") ///
>         xsize(9) ysize(5) subtitle("") name(discrep_ref,replace) ///
>         xlabel(,labsize(large)) ///
>         ylabel(,labsize(large)) ///
>         xtitle("log HR, Cox")

. 
. replace method = "Normal approx" if method=="N"
variable method was str2 now str13
(12,000 real changes made)

. replace method = "Poisson approx" if method=="PU"
variable method was str13 now str14
(12,000 real changes made)

. label var sdb "Standard deviation of point estimates"

. scatter e sdb if gamma==-6 & aratio==1, by(method, legend(off) note("")) $PPT name(discrep_sd,replace)

. scatter e sdbw if gamma==-6 & aratio==1, by(method, legend(off) note("")) $PPT name(discrep_sdw,replace)

. 
. * compare discriminatory ability of sdb and sdbw
. gen discrep = abs(e)>=0.05 if !mi(e)

. roccomp discrep sdb sdbw, graph name(roccomp,replace) summary plot1opts(ms(i)) plot2(ms(i))

                              ROC                     Asymptotic normal
                   Obs       area     Std. err.      [95% conf. interval]
-------------------------------------------------------------------------
sdb             24,000     0.9013       0.0024        0.89667     0.90596
sdbw            24,000     0.8863       0.0026        0.88108     0.89144
-------------------------------------------------------------------------
H0: area(sdb) = area(sdbw)
    chi2(1) =    89.56       Prob>chi2 =   0.0000

. 
. 
. // ANALYSE ESTIMATES OF MU
. use twoSPcombine, clear
(Combined results from twoSPsimrun and twoSPsimrun2)

. drop error* tauCox* tauWei* tauN* tauP*

. * drop all P weighted
. drop bPW* sPW*

. * drop all P ML uncentred
. drop bPU_RE sPU_RE

. siman setup, dgm(aratio gamma studies tau) rep(rep) est(b) se(s) ///
>         method(Cox N PU Wei_REc N_RE PU_REc) true(beta)
Warning: siman setup found unwanted variables: n d singlezeroes doublezeroes sdb sdbw bCox_i sCox_i bWei sWei bWei_RE
  sWei_RE

                   SUMMARY OF DATA
_____________________________________________________

Data-generating mechanism (DGM)
  DGM variables (# levels):       aratio (2) gamma (3) studies (2) tau (2) 
  Total number of DGMs:           24

Targets
  Variable containing targets:    -
  Number of targets:              1
  Target values:                  

Methods
  Variable containing methods:    method
  Number of methods:              6
  Method values:                  Cox; N; PU; Wei_REc; N_RE; PU_REc

Repetition-level output
  Point estimate variable:        b
  SE variable:                    s
  df variable:                    -
  Conf. limit variables:          -
  p-value variable:               -
  True value variable:            beta

Estimates data                    in data
Performance statistics            not in data
_____________________________________________________

. siman ana
siman analyse has run successfully

. 
. * bias & power, homogeneous & CE methods
. siman tab pctbias empse cover power if tau==0 & method<=3, col(method gamma studies) row(_perf aratio) nformat(%6.1f)

--------------------------------------------------------------------------------------------------------------------------------------------------
                    |                                                             method                                                          
                    |                    Cox                                        N                                         PU                  
                    |                   gamma                                     gamma                                     gamma                 
                    |       -6            -5            -4            -6            -5            -4            -6            -5            -4    
                    |    studies       studies       studies       studies       studies       studies       studies       studies       studies  
                    |     5     20      5     20      5     20      5     20      5     20      5     20      5     20      5     20      5     20
--------------------+-----------------------------------------------------------------------------------------------------------------------------
Performance measure |                                                                                                                             
  Pctbias           |                                                                                                                             
    aratio          |                                                                                                                             
      1             |                                                                                                                             
        Estimate    |   1.4    3.0   -2.0    0.5   -0.8    0.2   -9.9   -9.1   -5.8   -4.0   -2.1   -1.3    1.6    3.0   -2.0    0.6   -0.7    0.3
        MCSE        |   2.5    1.2    1.5    0.7    0.9    0.4    2.3    1.1    1.4    0.7    0.9    0.4    2.5    1.2    1.5    0.7    0.9    0.4
      2             |                                                                                                                             
        Estimate    |  -4.1    2.7   -4.1    0.1   -1.7    0.2   11.9   18.9    2.3    6.9    0.5    2.7   -4.0    2.7   -4.1    0.2   -1.7    0.2
        MCSE        |   2.7    1.2    1.5    0.8    0.9    0.5    2.4    1.1    1.4    0.7    0.9    0.5    2.7    1.2    1.5    0.8    0.9    0.5
  Empse             |                                                                                                                             
    aratio          |                                                                                                                             
      1             |                                                                                                                             
        Estimate    |   0.3    0.2    0.2    0.1    0.1    0.1    0.3    0.1    0.2    0.1    0.1    0.1    0.3    0.2    0.2    0.1    0.1    0.1
        MCSE        |   0.0    0.0    0.0    0.0    0.0    0.0    0.0    0.0    0.0    0.0    0.0    0.0    0.0    0.0    0.0    0.0    0.0    0.0
      2             |                                                                                                                             
        Estimate    |   0.4    0.2    0.2    0.1    0.1    0.1    0.3    0.1    0.2    0.1    0.1    0.1    0.4    0.2    0.2    0.1    0.1    0.1
        MCSE        |   0.0    0.0    0.0    0.0    0.0    0.0    0.0    0.0    0.0    0.0    0.0    0.0    0.0    0.0    0.0    0.0    0.0    0.0
  Cover             |                                                                                                                             
    aratio          |                                                                                                                             
      1             |                                                                                                                             
        Estimate    |  95.6   95.1   94.3   94.7   94.6   94.6   97.5   97.7   95.6   96.1   95.2   95.0   95.7   94.9   94.3   94.7   94.7   94.7
        MCSE        |   0.5    0.5    0.5    0.5    0.5    0.5    0.3    0.3    0.5    0.4    0.5    0.5    0.5    0.5    0.5    0.5    0.5    0.5
      2             |                                                                                                                             
        Estimate    |  95.5   95.0   95.1   94.3   95.4   94.2   97.8   96.7   96.3   95.4   95.6   94.3   95.4   94.9   94.9   94.3   95.2   93.9
        MCSE        |   0.5    0.5    0.5    0.5    0.5    0.5    0.3    0.4    0.4    0.5    0.5    0.5    0.5    0.5    0.5    0.5    0.5    0.5
  Power             |                                                                                                                             
    aratio          |                                                                                                                             
      1             |                                                                                                                             
        Estimate    |  15.0   50.7   33.5   88.0   70.9   99.8    8.6   34.6   29.3   84.9   69.6   99.8   15.1   50.9   33.5   88.2   70.9   99.8
        MCSE        |   0.8    1.1    1.1    0.7    1.0    0.1    0.6    1.1    1.0    0.8    1.0    0.1    0.8    1.1    1.1    0.7    1.0    0.1
      2             |                                                                                                                             
        Estimate    |  16.3   47.2   32.5   85.4   66.7   99.8   14.6   55.3   33.8   89.6   68.3   99.8   16.1   47.3   32.2   85.2   66.6   99.8
        MCSE        |   0.8    1.1    1.0    0.8    1.1    0.1    0.8    1.1    1.1    0.7    1.0    0.1    0.8    1.1    1.0    0.8    1.1    0.1
--------------------------------------------------------------------------------------------------------------------------------------------------
Note: Coverage and Power calculated at 95% level

. siman nes pctbias if tau==0 & method<=3, ///
>         legend(pos(3) col(1)) stagger(.05) $PPT ///
>         dglabsize(small) lw(*2 ...) dglwidth(*2) yla(-10 0 10 20) ///
>         lcol(black blue red =) lpat(solid = = dash) name(homCE,replace)
siman nestloop will draw 1 graphs (1 targets * 1 performance measures)

. siman nes empse if tau==0 & method<=3, ///
>         legend(pos(3) col(1)) stagger(.05) $PPT ///
>         dglabsize(small) lw(*2 ...) dglwidth(*2) yla(0 .1 .2 .3 .4) ///
>         lcol(black blue red =) lpat(solid = = dash) name(homCE,replace)
siman nestloop will draw 1 graphs (1 targets * 1 performance measures)

. siman nes cover if tau==0 & method<=3, ///
>         legend(pos(3) col(1)) stagger(.05) $PPT ///
>         dglabsize(small) lw(*2 ...) dglwidth(*2) yla(94/98) ///
>         lcol(black blue red =) lpat(solid = = dash) name(homCE,replace)
siman nestloop will draw 1 graphs (1 targets * 1 performance measures)

. siman nes power if tau==0 & method<=3, ///
>         legend(pos(3) col(1)) stagger(.05) $PPT ///
>         dglabsize(small) lw(*2 ...) dglwidth(*2) yla(0 50 100) ///
>         lcol(black blue red =) lpat(solid = = dash) name(homCE,replace)
siman nestloop will draw 1 graphs (1 targets * 1 performance measures)

. * summarise MCSEs
. table gamma studies if rep<0 & _perf=="pctbias" & tau==0 & method<=3, stat(max s) stat(min s) nformat(%6.1f)

--------------------------------------
                  |       studies     
                  |    5    20   Total
------------------+-------------------
gamma             |                   
  -6              |                   
    Maximum value |  2.7   1.2     2.7
    Minimum value |  2.3   1.1     1.1
  -5              |                   
    Maximum value |  1.5   0.8     1.5
    Minimum value |  1.4   0.7     0.7
  -4              |                   
    Maximum value |  0.9   0.5     0.9
    Minimum value |  0.9   0.4     0.4
  Total           |                   
    Maximum value |  2.7   1.2     2.7
    Minimum value |  0.9   0.4     0.4
--------------------------------------

. * pctbias: MCSE varies from 0.9 to 2.7 with 5 studies and from 0.4 to 1.2 with 20 studies
. * Empse: MCSE < 0.006
. * Coverage: MCSE = 0.3 to 0.5%
. * power: MCSE <= 1.1%
. 
. * bias, heterogeneous & RE methods
. siman tab pctbias empse cover power if tau>0, col(method gamma studies) row(_perf aratio) nformat(%6.1f)

--------------------------------------------------------------------------------------------------------------------------------------------------------------------------------------------------------
> ------------------------------------------------------------------------------------------------------
                    |                                                                                                                                           method                                  
>                                                                                                       
                    |                       Cox                                              N                                               PU                                          Wei_REc        
>                                  N_RE                                         PU_REc                  
                    |                      gamma                                           gamma                                           gamma                                          gamma         
>                                 gamma                                         gamma                   
                    |        -6              -5              -4              -6              -5              -4              -6              -5              -4              -6              -5         
>     -4             -6              -5             -4             -6              -5             -4    
                    |     studies         studies         studies         studies         studies         studies         studies         studies         studies         studies         studies       
>  studies        studies         studies        studies        studies         studies        studies  
                    |      5      20       5      20       5      20       5      20       5      20       5      20       5      20       5      20       5      20       5      20       5      20    
>   5     20       5      20       5      20      5     20       5      20       5      20      5     20
--------------------+-----------------------------------------------------------------------------------------------------------------------------------------------------------------------------------
> ------------------------------------------------------------------------------------------------------
Performance measure |                                                                                                                                                                                   
>                                                                                                       
  Pctbias           |                                                                                                                                                                                   
>                                                                                                       
    aratio          |                                                                                                                                                                                   
>                                                                                                       
      1             |                                                                                                                                                                                   
>                                                                                                       
        Estimate    |   -9.2   -14.2   -11.7   -13.5   -10.9   -13.5   -21.8   -27.6   -17.8   -20.2   -13.9   -17.0    -9.1   -14.1   -11.6   -13.4   -10.8   -13.4    -6.3   -11.5    -8.0    -9.3   -
> 5.6   -6.5   -17.6   -26.1   -11.3   -14.9   -5.8   -7.7    -6.4   -11.6    -8.4    -9.3   -5.7   -6.5
        MCSE        |    2.7     1.3     1.8     0.9     1.4     0.7     2.4     1.1     1.7     0.8     1.4     0.7     2.7     1.3     1.8     0.9     1.4     0.7     2.7     1.3     1.8     0.9    
> 1.4    0.7     2.5     1.1     1.7     0.8    1.4    0.7     2.7     1.3     1.8     0.9    1.4    0.7
      2             |                                                                                                                                                                                   
>                                                                                                       
        Estimate    |  -15.3   -16.4   -12.3   -14.4   -11.1   -13.4     1.3     1.6    -4.8    -5.6    -6.9    -8.3   -15.2   -16.4   -12.2   -14.3   -11.1   -13.3   -17.2   -17.9   -10.8   -13.1   -
> 7.2   -8.4    -0.5     1.2    -4.3    -5.3   -4.0   -5.0   -17.2   -18.2   -10.9   -13.1   -7.2   -8.4
        MCSE        |    2.8     1.3     1.9     0.9     1.4     0.7     2.5     1.1     1.8     0.8     1.4     0.7     2.8     1.3     1.8     0.9     1.4     0.7     2.9     1.3     1.9     0.9    
> 1.4    0.7     2.6     1.2     1.8     0.9    1.4    0.7     2.9     1.3     1.9     0.9    1.4    0.7
  Empse             |                                                                                                                                                                                   
>                                                                                                       
    aratio          |                                                                                                                                                                                   
>                                                                                                       
      1             |                                                                                                                                                                                   
>                                                                                                       
        Estimate    |    0.4     0.2     0.2     0.1     0.2     0.1     0.3     0.2     0.2     0.1     0.2     0.1     0.4     0.2     0.2     0.1     0.2     0.1     0.4     0.2     0.2     0.1    
> 0.2    0.1     0.3     0.2     0.2     0.1    0.2    0.1     0.4     0.2     0.2     0.1    0.2    0.1
        MCSE        |    0.0     0.0     0.0     0.0     0.0     0.0     0.0     0.0     0.0     0.0     0.0     0.0     0.0     0.0     0.0     0.0     0.0     0.0     0.0     0.0     0.0     0.0    
> 0.0    0.0     0.0     0.0     0.0     0.0    0.0    0.0     0.0     0.0     0.0     0.0    0.0    0.0
      2             |                                                                                                                                                                                   
>                                                                                                       
        Estimate    |    0.4     0.2     0.2     0.1     0.2     0.1     0.3     0.2     0.2     0.1     0.2     0.1     0.4     0.2     0.2     0.1     0.2     0.1     0.4     0.2     0.2     0.1    
> 0.2    0.1     0.3     0.2     0.2     0.1    0.2    0.1     0.4     0.2     0.2     0.1    0.2    0.1
        MCSE        |    0.0     0.0     0.0     0.0     0.0     0.0     0.0     0.0     0.0     0.0     0.0     0.0     0.0     0.0     0.0     0.0     0.0     0.0     0.0     0.0     0.0     0.0    
> 0.0    0.0     0.0     0.0     0.0     0.0    0.0    0.0     0.0     0.0     0.0     0.0    0.0    0.0
  Cover             |                                                                                                                                                                                   
>                                                                                                       
    aratio          |                                                                                                                                                                                   
>                                                                                                       
      1             |                                                                                                                                                                                   
>                                                                                                       
        Estimate    |   92.7    91.8    88.5    86.8    77.2    73.9    95.8    93.7    90.3    87.7    78.0    73.2    92.9    91.9    88.2    86.7    77.2    73.8    94.0    94.0    91.4    92.5   8
> 8.0   92.0    96.1    94.6    93.3    92.7   90.5   92.3    94.1    94.2    91.4    92.5   87.9   92.0
        MCSE        |    0.6     0.6     0.7     0.8     0.9     1.0     0.5     0.5     0.7     0.7     0.9     1.0     0.6     0.6     0.7     0.8     0.9     1.0     0.5     0.5     0.6     0.6    
> 0.7    0.6     0.4     0.5     0.6     0.6    0.7    0.6     0.5     0.5     0.6     0.6    0.7    0.6
      2             |                                                                                                                                                                                   
>                                                                                                       
        Estimate    |   92.7    92.7    88.1    86.6    78.0    75.7    96.2    97.0    90.7    91.8    80.3    80.2    92.6    92.5    88.1    86.8    77.9    75.9    93.8    94.3    90.9    91.4   8
> 7.3   91.6    96.3    97.3    93.7    94.3   89.8   93.2    93.9    94.2    91.0    91.7   87.5   91.5
        MCSE        |    0.6     0.6     0.7     0.8     0.9     1.0     0.4     0.4     0.6     0.6     0.9     0.9     0.6     0.6     0.7     0.8     0.9     1.0     0.5     0.5     0.6     0.6    
> 0.7    0.6     0.4     0.4     0.5     0.5    0.7    0.6     0.5     0.5     0.6     0.6    0.7    0.6
  Power             |                                                                                                                                                                                   
>                                                                                                       
    aratio          |                                                                                                                                                                                   
>                                                                                                       
      1             |                                                                                                                                                                                   
>                                                                                                       
        Estimate    |   14.9    39.2    31.0    74.7    58.7    94.8     8.3    22.3    26.4    66.8    56.2    93.8    15.1    39.2    31.0    74.5    58.8    94.7    13.4    34.4    25.2    66.0   4
> 5.3   89.2     7.9    22.0    20.3    61.2   39.8   87.9    13.4    34.2    25.1    66.0   45.7   89.4
        MCSE        |    0.8     1.1     1.0     1.0     1.1     0.5     0.6     0.9     1.0     1.1     1.1     0.5     0.8     1.1     1.0     1.0     1.1     0.5     0.8     1.1     1.0     1.1    
> 1.1    0.7     0.6     0.9     0.9     1.1    1.1    0.7     0.8     1.1     1.0     1.1    1.1    0.7
      2             |                                                                                                                                                                                   
>                                                                                                       
        Estimate    |   16.4    35.7    31.2    70.5    56.3    93.3    13.9    42.1    31.5    77.2    58.3    96.0    16.6    35.5    30.9    70.5    56.4    93.4    13.5    29.4    24.4    59.6   4
> 3.0   86.2    12.2    40.2    22.8    67.8   39.7   87.8    13.7    28.6    24.3    59.7   42.8   85.9
        MCSE        |    0.8     1.1     1.0     1.0     1.1     0.6     0.8     1.1     1.0     0.9     1.1     0.4     0.8     1.1     1.0     1.0     1.1     0.6     0.8     1.0     1.0     1.1    
> 1.1    0.8     0.7     1.1     0.9     1.0    1.1    0.7     0.8     1.0     1.0     1.1    1.1    0.8
--------------------------------------------------------------------------------------------------------------------------------------------------------------------------------------------------------
> ------------------------------------------------------------------------------------------------------
Note: Coverage and Power calculated at 95% level

. siman nes pctbias if tau>0, ///
>         legend(pos(3) col(1)) stagger(.08) $PPT ///
>         dglabsize(small) lw(*2 ...) dglwidth(*2) ///
>         lcol(black blue red black blue red) lpat(solid = = dash = =) ///
>         name(het,replace) yla(-30 -20 -10 0) debug
siman nestloop will draw 1 graphs (1 targets * 1 performance measures)
Debug: nestloop b if __000003=="1" & _perfmeascode=="pctbias", descriptors(aratio gamma studies tau) method(method)  nam
> e(het_1_pctbias,replace)  legend(pos(3) col(1)) stagger(.08) xtitle(,size(large)) ytitle(,size(large)) xlabel(,labsize
> (large)) ylabel(,labsize(large)) legend(size(large)) xsize(9) ysize(5) subtitle(,size(large)) dglabsize(small) lw(*2 .
> ..) dglwidth(*2) lcol(black blue red black blue red) lpat(solid = = dash = =) yla(-30 -20 -10 0) yline(0,lcol(gs12)) y
> title(% bias) debug
Warning: no variation for descriptor tau
Debug: graph command is: graph twoway (line b __0000051 if method==1, c(J) lcolor(black) lpattern(solid) lwidth(*2)) (li
> ne b __0000052 if method==2, c(J) lcolor(blue) lpattern(solid) lwidth(*2)) (line b __0000053 if method==3, c(J) lcolor
> (red) lpattern(solid) lwidth(*2)) (line b __0000054 if method==4, c(J) lcolor(black) lpattern(dash) lwidth(*2)) (line 
> b __0000055 if method==5, c(J) lcolor(blue) lpattern(dash) lwidth(*2)) (line b __0000056 if method==6, c(J) lcolor(red
> ) lpattern(dash) lwidth(*2)) (line __000007 __000008 __000009 __000005, c(J ...) lcol(gs4 ...) lpattern(solid ...) lwi
> dth(*2 ...) lstyle( ...) ) , legend(order(1 `"Cox"' 2 `"N"' 3 `"PU"' 4 `"Wei_REc"' 5 `"N_RE"' 6 `"PU_REc"')  position(
> 3) cols(1)) ytitle(b) xla(none) xtitle("") yla(,nogrid) text(-38.44597686486586 1 `"aratio (1, 2)"', place(e) col(gs4)
>  size(small) justification(left)) text(-35.31378460228444 1 `"gamma (-6, -5, -4)"', place(e) col(gs4) size(small) just
> ification(left)) text(-32.18159233970302 1 `"studies (5, 20)"', place(e) col(gs4) size(small) justification(left)) nam
> e(het_1_pctbias,replace)    xtitle(,size(large)) ytitle(,size(large)) xlabel(,labsize(large)) ylabel(,labsize(large)) 
> legend(size(large)) xsize(9) ysize(5) subtitle(,size(large)) yla(-30 -20 -10 0) yline(0,lcol(gs12)) ytitle(% bias)

. siman nes empse if tau>0, ///
>         legend(pos(3) col(1)) stagger(.08) $PPT ///
>         dglabsize(small) lw(*2 ...) dglwidth(*2) ///
>         lcol(black blue red black blue red) lpat(solid = = dash = =) ///
>         name(het,replace) 
siman nestloop will draw 1 graphs (1 targets * 1 performance measures)

. siman nes cover if tau>0, ///
>         legend(pos(3) col(1)) stagger(.08) $PPT ///
>         dglabsize(small) lw(*2 ...) dglwidth(*2) ///
>         lcol(black blue red black blue red) lpat(solid = = dash = =) ///
>         name(het,replace) yla(70 80 90 100)
siman nestloop will draw 1 graphs (1 targets * 1 performance measures)

. siman nes pctbias empse cover power if tau>0, ///
>         legend(pos(3) col(1)) stagger(.08) $PPT ///
>         dglabsize(small) lw(*2 ...) dglwidth(*2) ///
>         lcol(black blue red black blue red) lpat(solid = = dash = =) ///
>         name(het,replace) yla(0 50 100)
siman nestloop will draw 4 graphs (1 targets * 4 performance measures)

. 
. * summarise MCSEs
. table gamma studies if _perf=="pctbias" & tau>0, stat(min s) stat(max s) nformat(%6.1f)

--------------------------------------
                  |       studies     
                  |    5    20   Total
------------------+-------------------
gamma             |                   
  -6              |                   
    Minimum value |  2.4   1.1     1.1
    Maximum value |  2.9   1.3     2.9
  -5              |                   
    Minimum value |  1.7   0.8     0.8
    Maximum value |  1.9   0.9     1.9
  -4              |                   
    Minimum value |  1.4   0.7     0.7
    Maximum value |  1.4   0.7     1.4
  Total           |                   
    Minimum value |  1.4   0.7     0.7
    Maximum value |  2.9   1.3     2.9
--------------------------------------

. * Pctbias: Monte Carlo error varies from 1.4 to 2.9 with 5 studies and from 0.7 to 1.3 with 20 studies
. table gamma studies if _perf=="empse" & tau>0, stat(min s) stat(max s) nformat(%6.3f)

------------------------------------------
                  |         studies       
                  |      5      20   Total
------------------+-----------------------
gamma             |                       
  -6              |                       
    Minimum value |  0.005   0.002   0.002
    Maximum value |  0.006   0.003   0.006
  -5              |                       
    Minimum value |  0.004   0.002   0.002
    Maximum value |  0.004   0.002   0.004
  -4              |                       
    Minimum value |  0.003   0.001   0.001
    Maximum value |  0.003   0.001   0.003
  Total           |                       
    Minimum value |  0.003   0.001   0.001
    Maximum value |  0.006   0.003   0.006
------------------------------------------

. * Empse: Monte Carlo error < 0.006
. table gamma studies if _perf=="cover" & tau>0, stat(min s) stat(max s) nformat(%6.1f)

--------------------------------------
                  |       studies     
                  |    5    20   Total
------------------+-------------------
gamma             |                   
  -6              |                   
    Minimum value |  0.4   0.4     0.4
    Maximum value |  0.6   0.6     0.6
  -5              |                   
    Minimum value |  0.5   0.5     0.5
    Maximum value |  0.7   0.8     0.8
  -4              |                   
    Minimum value |  0.7   0.6     0.6
    Maximum value |  0.9   1.0     1.0
  Total           |                   
    Minimum value |  0.4   0.4     0.4
    Maximum value |  0.9   1.0     1.0
--------------------------------------

. * Coverage: Monte Carlo error = 0.4 to 1.0%
. table gamma studies if _perf=="power" & tau>0, stat(min s) stat(max s) nformat(%6.1f)

--------------------------------------
                  |       studies     
                  |    5    20   Total
------------------+-------------------
gamma             |                   
  -6              |                   
    Minimum value |  0.6   0.9     0.6
    Maximum value |  0.8   1.1     1.1
  -5              |                   
    Minimum value |  0.9   0.9     0.9
    Maximum value |  1.0   1.1     1.1
  -4              |                   
    Minimum value |  1.1   0.4     0.4
    Maximum value |  1.1   0.8     1.1
  Total           |                   
    Minimum value |  0.6   0.4     0.4
    Maximum value |  1.1   1.1     1.1
--------------------------------------

. * Power: Monte Carlo error <= 1.1%
. 
. 
. // ANALYSE ESTIMATES OF TAU
. use twoSPcombine, clear
(Combined results from twoSPsimrun and twoSPsimrun2)

. drop error* bCox* bWei* bN* bP* sCox* sWei* sN* sP*

. rename tau truetau

. * drop all P ML weighted or uncentred
. drop tauPW* tauPU_RE

. siman setup, dgm(aratio gamma studies truetau) rep(rep) est(tau) ///
>         method(N_RE PU_REc) true(truetau)
Warning: siman setup found unwanted variables: beta n d singlezeroes doublezeroes sdb sdbw tauCox_i tauWei tauWei_RE
  tauWei_REc tauCox tauN tauPU

                   SUMMARY OF DATA
_____________________________________________________

Data-generating mechanism (DGM)
  DGM variables (# levels):       aratio (2) gamma (3) studies (2) truetau (2) 
  Total number of DGMs:           24

Targets
  Variable containing targets:    -
  Number of targets:              1
  Target values:                  

Methods
  Variable containing methods:    method
  Number of methods:              2
  Method values:                  N_RE; PU_REc

Repetition-level output
  Point estimate variable:        tau
  SE variable:                    -
  df variable:                    -
  Conf. limit variables:          -
  p-value variable:               -
  True value variable:            truetau

Estimates data                    in data
Performance statistics            not in data
_____________________________________________________

. siman ana, max(100)
siman analyse has created variable _se to hold the MCSE
siman analyse has run successfully

. siman tab mean if truetau>0, row(truetau gamma aratio studies)

-----------------------------------------------
                         |         method      
                         |      N_RE     PU_REc
-------------------------+---------------------
truetau                  |                     
  .3                     |                     
    gamma                |                     
      -6                 |                     
        aratio           |                     
          1              |                     
            studies      |                     
              5          |                     
                Estimate |  .1706666   .1608031
                MCSE     |  .0063898   .0062139
              20         |                     
                Estimate |  .0781462   .2018916
                MCSE     |  .0032726   .0048666
          2              |                     
            studies      |                     
              5          |                     
                Estimate |  .1722483   .1767932
                MCSE     |  .0065982   .0067503
              20         |                     
                Estimate |  .0715668    .207438
                MCSE     |  .0032706   .0050522
      -5                 |                     
        aratio           |                     
          1              |                     
            studies      |                     
              5          |                     
                Estimate |  .2091366   .1563874
                MCSE     |   .005359   .0046462
              20         |                     
                Estimate |  .2035127   .2277473
                MCSE     |  .0034865   .0034453
          2              |                     
            studies      |                     
              5          |                     
                Estimate |  .2169093   .1634963
                MCSE     |  .0056121   .0048347
              20         |                     
                Estimate |  .2030167   .2293621
                MCSE     |  .0035882   .0035696
      -4                 |                     
        aratio           |                     
          1              |                     
            studies      |                     
              5          |                     
                Estimate |  .2340954   .1811556
                MCSE     |  .0042836   .0038304
              20         |                     
                Estimate |  .2724731   .2635552
                MCSE     |  .0021749     .00214
          2              |                     
            studies      |                     
              5          |                     
                Estimate |  .2405912    .183097
                MCSE     |   .004331    .003897
              20         |                     
                Estimate |  .2731232   .2629037
                MCSE     |  .0022168    .002187
-----------------------------------------------

. siman nes mean if truetau>0, ///
>         legend(pos(3) col(1)) stagger(.05) ///
>         $PPT dglabsize(small) lw(*2 = = =) dglwidth(*2) ///
>         lcol(blue red) lpat(dash dash) name(tauhet,replace) yla(0 .1 .2 .3)
siman nestloop will draw 1 graphs (1 targets * 1 performance measures)

. table gamma studies if rep<0 & _perf=="mean" & truetau>0, stat(max _se) stat(min _se) nformat(%6.3f)

------------------------------------------
                  |         studies       
                  |      5      20   Total
------------------+-----------------------
gamma             |                       
  -6              |                       
    Maximum value |  0.007   0.005   0.007
    Minimum value |  0.006   0.003   0.003
  -5              |                       
    Maximum value |  0.006   0.004   0.006
    Minimum value |  0.005   0.003   0.003
  -4              |                       
    Maximum value |  0.004   0.002   0.004
    Minimum value |  0.004   0.002   0.002
  Total           |                       
    Maximum value |  0.007   0.005   0.007
    Minimum value |  0.004   0.002   0.002
------------------------------------------

. * Mean: Monte Carlo error < 0.007
. 
. /* before using simrecreate,need:
> recast double px bx beta
> foreach var of varlist px bx beta {
>         replace `var' = round(`var',1E-7)
> }
> */
. 
end of do-file
      name:  <unnamed>
       log:  C:\ian\git\metafish\simulation\twoSPsimresults.log
  log type:  text
 closed on:  24 Apr 2026, 18:19:13
------------------------------------------------------------------------------------------------------------------------
