----------------------------------------------------------------------------------------------------
      name:  <unnamed>
       log:  C:\ian\git\metafish\brcancer\siloes.log
  log type:  text
 opened on:  29 May 2026, 18:43:24

. 
. version
version 18.0

. which metafish
C:\ian\git\metafish\ado\metafish.ado
*! v0.6 IW 9apr2026

. 
. local reps 50

. set seed 461860

. 
. webuse brcancer, clear
(German breast cancer data)

. stset rectime, fail(censrec)

Survival-time data settings

         Failure event: censrec!=0 & censrec<.
Observed time interval: (0, rectime]
     Exit on or before: failure

--------------------------------------------------------------------------
        686  total observations
          0  exclusions
--------------------------------------------------------------------------
        686  observations remaining, representing
        299  failures in single-record/single-failure data
    771,400  total analysis time at risk and under observation
                                                At risk from t =         0
                                     Earliest observed entry t =         0
                                          Last observed exit t =     2,659

. stcox hormon, nohr

        Failure _d: censrec
  Analysis time _t: rectime

Iteration 0:  Log likelihood = -1788.1731
Iteration 1:  Log likelihood =  -1783.774
Iteration 2:  Log likelihood =  -1783.765
Iteration 3:  Log likelihood =  -1783.765
Refining estimates:
Iteration 0:  Log likelihood =  -1783.765

Cox regression with Breslow method for ties

No. of subjects =     686                               Number of obs =    686
No. of failures =     299
Time at risk    = 771,400
                                                        LR chi2(1)    =   8.82
Log likelihood = -1783.765                              Prob > chi2   = 0.0030

------------------------------------------------------------------------------
          _t | Coefficient  Std. err.      z    P>|z|     [95% conf. interval]
-------------+----------------------------------------------------------------
      hormon |  -.3638988   .1250441    -2.91   0.004    -.6089808   -.1188167
------------------------------------------------------------------------------

. global b = _b[hormon]

. global se = _se[hormon]

. 
. if c(frame)=="results" {
.         di as error "Can't start in frame results"
.         exit 499
. }

. cap frame drop results

. frame create results siloes rep b se

. foreach siloes in 2 5 10 25 {
  2.         frame post results (`siloes') (0) ($b) ($se)
  3.         forvalues rep=1/`reps' {
  4.                 if `rep'==1 _dots 0, title("`siloes' siloes: simulation running (`reps' repetit
> ions)")
  5.                 _dots `rep' 0
  6.                 cap drop random silo
  7.                 sort id // restore original sort order
  8.                 gen double random = runiform() // double is included to make ties much less lik
> ely
  9.                 sort random id // id is included in order to sort consistently not arbitrarily,
>  in the unlikely event of a tie on random
 10.                 gen silo = int(`siloes'*(_n-1)/_N)+1
 11.                 qui ipdmetan, study(silo) nograph: stcox hormon
 12.                 frame post results (`siloes') (`rep') (r(eff)) (r(se_eff))
 13.                 if `siloes'==25 & `rep'==12 qui save siloes`siloes'_`rep', replace
 14.                 * a fairly typical data set
.         }
 15.         frame results: label def siloes `siloes' "`siloes' siloes", modify      
 16. }
2 siloes: simulation running (50 repetitions)
----+--- 1 ---+--- 2 ---+--- 3 ---+--- 4 ---+--- 5 
..................................................    50
5 siloes: simulation running (50 repetitions)
----+--- 1 ---+--- 2 ---+--- 3 ---+--- 4 ---+--- 5 
..................................................    50
10 siloes: simulation running (50 repetitions)
----+--- 1 ---+--- 2 ---+--- 3 ---+--- 4 ---+--- 5 
..................................................    50
25 siloes: simulation running (50 repetitions)
----+--- 1 ---+--- 2 ---+--- 3 ---+--- 4 ---+--- 5 
..................................................    50

. 
. // Table 4 for paper: average logHR and SE across splits
. frame results {
.         sort siloes rep
.         label val siloes siloes
.         save siloes, replace
file siloes.dta saved
.         gen siloes2 = cond(rep,siloes,1)
.         table (siloes2), stat(mean b) stat(semean b) stat(mean se) stat(semean se) nototal nformat
> (%6.3f)

--------------------------------------------------------
        |       Mean         Standard error of the mean 
        |       b      se               b             se
--------+-----------------------------------------------
siloes2 |                                               
  1     |  -0.364   0.125           0.000          0.000
  2     |  -0.361   0.125           0.001          0.000
  5     |  -0.353   0.126           0.002          0.000
  10    |  -0.333   0.128           0.003          0.000
  25    |  -0.274   0.133           0.008          0.000
--------------------------------------------------------
. }

. 
. // Figure 2 for paper: SE vs logHR across splits
. frame results : ///
>         scatter se b if rep==0, ms(X) msize(*2) ///
>         || scatter se b if rep>0, /*mlab(rep)*/ ms(oh) ///
>         || scatter se b if rep==12 & siloes==25, /*mlab(rep)*/ ms(O) msize(*1.5) ///
>         by(siloes, note("")) legend(order(1 "Without splitting" 2 "2-stage Normal approx")) ///
>         xline($b) yline($se) ///
>         xtitle(Log hazard ratio) ytitle(Standard error) ///
>         name(siloes, replace) $PPT

. 
. 
. // explore a typical data set
. 
. use siloes25_12, clear
(German breast cancer data)

. 
. cap frame drop res25_12

. frame create res25_12 str4 method b se

. // one-stage
. stcox hormon, nohr

        Failure _d: censrec
  Analysis time _t: rectime

Iteration 0:  Log likelihood = -1788.1731
Iteration 1:  Log likelihood =  -1783.774
Iteration 2:  Log likelihood =  -1783.765
Iteration 3:  Log likelihood =  -1783.765
Refining estimates:
Iteration 0:  Log likelihood =  -1783.765

Cox regression with Breslow method for ties

No. of subjects =     686                               Number of obs =    686
No. of failures =     299
Time at risk    = 771,400
                                                        LR chi2(1)    =   8.82
Log likelihood = -1783.765                              Prob > chi2   = 0.0030

------------------------------------------------------------------------------
          _t | Coefficient  Std. err.      z    P>|z|     [95% conf. interval]
-------------+----------------------------------------------------------------
      hormon |  -.3638988   .1250441    -2.91   0.004    -.6089808   -.1188167
------------------------------------------------------------------------------

. frame post res25_12 ("1Sun") (_b[hormon]) (_se[hormon])

. 
. // one-stage
. stcox hormon i.silo, nohr

        Failure _d: censrec
  Analysis time _t: rectime

Iteration 0:  Log likelihood = -1788.1731
Iteration 1:  Log likelihood = -1768.1766
Iteration 2:  Log likelihood = -1767.2135
Iteration 3:  Log likelihood = -1767.2092
Iteration 4:  Log likelihood = -1767.2092
Refining estimates:
Iteration 0:  Log likelihood = -1767.2092

Cox regression with Breslow method for ties

No. of subjects =     686                               Number of obs =    686
No. of failures =     299
Time at risk    = 771,400
                                                        LR chi2(25)   =  41.93
Log likelihood = -1767.2092                             Prob > chi2   = 0.0183

------------------------------------------------------------------------------
          _t | Coefficient  Std. err.      z    P>|z|     [95% conf. interval]
-------------+----------------------------------------------------------------
      hormon |   -.341817   .1276958    -2.68   0.007    -.5920963   -.0915378
             |
        silo |
          2  |  -.4985431   .4038579    -1.23   0.217     -1.29009     .293004
          3  |   .1152982   .3437076     0.34   0.737    -.5583562    .7889526
          4  |  -.1608482   .3664338    -0.44   0.661    -.8790452    .5573488
          5  |  -.3923454   .3924294    -1.00   0.317    -1.161493    .3768022
          6  |   -.233717    .366757    -0.64   0.524    -.9525475    .4851136
          7  |  -.6261179   .4351443    -1.44   0.150    -1.478985    .2267493
          8  |  -.3505981   .3743122    -0.94   0.349    -1.084236    .3830403
          9  |  -.1586446   .3741771    -0.42   0.672    -.8920182    .5747291
         10  |  -1.085013    .453924    -2.39   0.017    -1.974688   -.1953384
         11  |  -.3131178   .3823108    -0.82   0.413    -1.062433    .4361977
         12  |  -.6532949   .4040425    -1.62   0.106    -1.445204    .1386138
         13  |  -.2252281   .3821307    -0.59   0.556    -.9741906    .5237343
         14  |  -.3899872   .3741311    -1.04   0.297    -1.123271    .3432964
         15  |   .0703017   .3600958     0.20   0.845    -.6354731    .7760765
         16  |  -.2749327   .3665454    -0.75   0.453    -.9933484     .443483
         17  |   .3315246   .3394997     0.98   0.329    -.3338826    .9969318
         18  |  -.5012841    .417114    -1.20   0.229    -1.318813    .3162444
         19  |  -.6992047   .4175298    -1.67   0.094    -1.517548    .1191386
         20  |  -.7247128    .418188    -1.73   0.083    -1.544346    .0949208
         21  |   -.023268   .3663129    -0.06   0.949    -.7412281    .6946922
         22  |  -.9502978   .4340213    -2.19   0.029    -1.800964   -.0996317
         23  |   -.876286   .4335841    -2.02   0.043    -1.726095   -.0264768
         24  |  -.3433686   .3823791    -0.90   0.369    -1.092818    .4060806
         25  |  -.5012025   .3927072    -1.28   0.202    -1.270894    .2684893
------------------------------------------------------------------------------

. frame post res25_12 ("1Sadj") (_b[hormon]) (_se[hormon])

. 
. tab silo hormon if _d

           |   Hormonal therapy
      silo |         0          1 |     Total
-----------+----------------------+----------
         1 |        11          5 |        16 
         2 |         6          4 |        10 
         3 |         9          9 |        18 
         4 |        11          3 |        14 
         5 |         6          5 |        11 
         6 |         9          5 |        14 
         7 |         2          6 |         8 
         8 |         9          4 |        13 
         9 |         9          4 |        13 
        10 |         5          2 |         7 
        11 |        10          2 |        12 
        12 |         9          1 |        10 
        13 |         8          4 |        12 
        14 |         6          7 |        13 
        15 |        11          4 |        15 
        16 |        12          2 |        14 
        17 |        14          5 |        19 
        18 |         6          3 |         9 
        19 |         7          2 |         9 
        20 |         8          1 |         9 
        21 |        11          3 |        14 
        22 |         6          2 |         8 
        23 |         6          2 |         8 
        24 |         8          4 |        12 
        25 |         6          5 |        11 
-----------+----------------------+----------
     Total |       205         94 |       299 

. byvar silo, b(hormon) se(hormon) unique gen: stcox hormon

-> silo==1 

        Failure _d: censrec
  Analysis time _t: rectime

Iteration 0:  Log likelihood = -45.022628
Iteration 1:  Log likelihood =  -45.01566
Iteration 2:  Log likelihood = -45.015659
Refining estimates:
Iteration 0:  Log likelihood = -45.015659

Cox regression with no ties

No. of subjects =     28                                Number of obs =     28
No. of failures =     16
Time at risk    = 28,801
                                                        LR chi2(1)    =   0.01
Log likelihood = -45.015659                             Prob > chi2   = 0.9060

------------------------------------------------------------------------------
          _t | Haz. ratio   Std. err.      z    P>|z|     [95% conf. interval]
-------------+----------------------------------------------------------------
      hormon |   .9380349   .5101894    -0.12   0.906      .323041    2.723833
------------------------------------------------------------------------------

-> silo==2 

        Failure _d: censrec
  Analysis time _t: rectime

Iteration 0:  Log likelihood = -28.317146
Iteration 1:  Log likelihood = -28.257776
Iteration 2:  Log likelihood = -28.257765
Refining estimates:
Iteration 0:  Log likelihood = -28.257765

Cox regression with no ties

No. of subjects =     27                                Number of obs =     27
No. of failures =     10
Time at risk    = 30,664
                                                        LR chi2(1)    =   0.12
Log likelihood = -28.257765                             Prob > chi2   = 0.7304

------------------------------------------------------------------------------
          _t | Haz. ratio   Std. err.      z    P>|z|     [95% conf. interval]
-------------+----------------------------------------------------------------
      hormon |   .7985638   .5245296    -0.34   0.732     .2203968    2.893436
------------------------------------------------------------------------------

-> silo==3 

        Failure _d: censrec
  Analysis time _t: rectime

Iteration 0:  Log likelihood = -51.260051
Iteration 1:  Log likelihood = -50.304422
Iteration 2:  Log likelihood = -50.299181
Refining estimates:
Iteration 0:  Log likelihood = -50.299181

Cox regression with no ties

No. of subjects =     28                                Number of obs =     28
No. of failures =     18
Time at risk    = 28,689
                                                        LR chi2(1)    =   1.92
Log likelihood = -50.299181                             Prob > chi2   = 0.1657

------------------------------------------------------------------------------
          _t | Haz. ratio   Std. err.      z    P>|z|     [95% conf. interval]
-------------+----------------------------------------------------------------
      hormon |   1.937114   .9158514     1.40   0.162     .7668566    4.893236
------------------------------------------------------------------------------

-> silo==4 

        Failure _d: censrec
  Analysis time _t: rectime

Iteration 0:  Log likelihood = -37.983937
Iteration 1:  Log likelihood = -37.145715
Iteration 2:  Log likelihood = -37.132053
Iteration 3:  Log likelihood = -37.132043
Refining estimates:
Iteration 0:  Log likelihood = -37.132043

Cox regression with no ties

No. of subjects =     27                                Number of obs =     27
No. of failures =     14
Time at risk    = 29,695
                                                        LR chi2(1)    =   1.70
Log likelihood = -37.132043                             Prob > chi2   = 0.1918

------------------------------------------------------------------------------
          _t | Haz. ratio   Std. err.      z    P>|z|     [95% conf. interval]
-------------+----------------------------------------------------------------
      hormon |    .439361   .2959133    -1.22   0.222     .1173627    1.644799
------------------------------------------------------------------------------

-> silo==5 

        Failure _d: censrec
  Analysis time _t: rectime

Iteration 0:  Log likelihood = -31.386084
Iteration 1:  Log likelihood = -30.742813
Iteration 2:  Log likelihood = -30.734348
Iteration 3:  Log likelihood = -30.734348
Refining estimates:
Iteration 0:  Log likelihood = -30.734348

Cox regression with no ties

No. of subjects =     28                                Number of obs =     28
No. of failures =     11
Time at risk    = 28,922
                                                        LR chi2(1)    =   1.30
Log likelihood = -30.734348                             Prob > chi2   = 0.2536

------------------------------------------------------------------------------
          _t | Haz. ratio   Std. err.      z    P>|z|     [95% conf. interval]
-------------+----------------------------------------------------------------
      hormon |   2.042034   1.253111     1.16   0.245      .613361    6.798448
------------------------------------------------------------------------------

-> silo==6 

        Failure _d: censrec
  Analysis time _t: rectime

Iteration 0:  Log likelihood = -41.021491
Iteration 1:  Log likelihood = -40.983252
Iteration 2:  Log likelihood = -40.983241
Refining estimates:
Iteration 0:  Log likelihood = -40.983241

Cox regression with no ties

No. of subjects =     27                                Number of obs =     27
No. of failures =     14
Time at risk    = 31,947
                                                        LR chi2(1)    =   0.08
Log likelihood = -40.983241                             Prob > chi2   = 0.7821

------------------------------------------------------------------------------
          _t | Haz. ratio   Std. err.      z    P>|z|     [95% conf. interval]
-------------+----------------------------------------------------------------
      hormon |   .8569185   .4816107    -0.27   0.784     .2848013    2.578322
------------------------------------------------------------------------------

-> silo==7 

        Failure _d: censrec
  Analysis time _t: rectime

Iteration 0:  Log likelihood = -23.490927
Iteration 1:  Log likelihood = -22.744019
Iteration 2:  Log likelihood =  -22.74156
Iteration 3:  Log likelihood = -22.741559
Refining estimates:
Iteration 0:  Log likelihood = -22.741559

Cox regression with no ties

No. of subjects =     28                                Number of obs =     28
No. of failures =      8
Time at risk    = 29,512
                                                        LR chi2(1)    =   1.50
Log likelihood = -22.741559                             Prob > chi2   = 0.2209

------------------------------------------------------------------------------
          _t | Haz. ratio   Std. err.      z    P>|z|     [95% conf. interval]
-------------+----------------------------------------------------------------
      hormon |   2.643704    2.21354     1.16   0.246     .5122858     13.6431
------------------------------------------------------------------------------

-> silo==8 

        Failure _d: censrec
  Analysis time _t: rectime

Iteration 0:  Log likelihood = -35.665015
Iteration 1:  Log likelihood = -35.568825
Iteration 2:  Log likelihood = -35.568419
Iteration 3:  Log likelihood = -35.568419
Refining estimates:
Iteration 0:  Log likelihood = -35.568419

Cox regression with no ties

No. of subjects =     27                                Number of obs =     27
No. of failures =     13
Time at risk    = 31,017
                                                        LR chi2(1)    =   0.19
Log likelihood = -35.568419                             Prob > chi2   = 0.6603

------------------------------------------------------------------------------
          _t | Haz. ratio   Std. err.      z    P>|z|     [95% conf. interval]
-------------+----------------------------------------------------------------
      hormon |   1.309625   .7892399     0.45   0.654     .4019517    4.266973
------------------------------------------------------------------------------

-> silo==9 

        Failure _d: censrec
  Analysis time _t: rectime

Iteration 0:  Log likelihood = -34.803707
Iteration 1:  Log likelihood = -33.741943
Iteration 2:  Log likelihood = -33.741321
Refining estimates:
Iteration 0:  Log likelihood = -33.741321

Cox regression with no ties

No. of subjects =     27                                Number of obs =     27
No. of failures =     13
Time at risk    = 28,642
                                                        LR chi2(1)    =   2.12
Log likelihood = -33.741321                             Prob > chi2   = 0.1449

------------------------------------------------------------------------------
          _t | Haz. ratio   Std. err.      z    P>|z|     [95% conf. interval]
-------------+----------------------------------------------------------------
      hormon |   .4188386   .2585213    -1.41   0.159      .124927    1.404226
------------------------------------------------------------------------------

-> silo==10 

        Failure _d: censrec
  Analysis time _t: rectime

Iteration 0:  Log likelihood = -19.802459
Iteration 1:  Log likelihood = -19.285374
Iteration 2:  Log likelihood = -19.283041
Iteration 3:  Log likelihood = -19.283041
Refining estimates:
Iteration 0:  Log likelihood = -19.283041

Cox regression with no ties

No. of subjects =     28                                Number of obs =     28
No. of failures =      7
Time at risk    = 37,504
                                                        LR chi2(1)    =   1.04
Log likelihood = -19.283041                             Prob > chi2   = 0.3081

------------------------------------------------------------------------------
          _t | Haz. ratio   Std. err.      z    P>|z|     [95% conf. interval]
-------------+----------------------------------------------------------------
      hormon |   .4422734   .3709072    -0.97   0.331     .0854754    2.288446
------------------------------------------------------------------------------

-> silo==11 

        Failure _d: censrec
  Analysis time _t: rectime

Iteration 0:  Log likelihood =  -33.12663
Iteration 1:  Log likelihood = -31.282068
Iteration 2:  Log likelihood = -31.228305
Iteration 3:  Log likelihood = -31.228062
Refining estimates:
Iteration 0:  Log likelihood = -31.228062

Cox regression with no ties

No. of subjects =     27                                Number of obs =     27
No. of failures =     12
Time at risk    = 30,182
                                                        LR chi2(1)    =   3.80
Log likelihood = -31.228062                             Prob > chi2   = 0.0513

------------------------------------------------------------------------------
          _t | Haz. ratio   Std. err.      z    P>|z|     [95% conf. interval]
-------------+----------------------------------------------------------------
      hormon |    .255657   .2021857    -1.72   0.085     .0542609    1.204559
------------------------------------------------------------------------------

-> silo==12 

        Failure _d: censrec
  Analysis time _t: rectime

Iteration 0:  Log likelihood = -28.763433
Iteration 1:  Log likelihood = -28.568879
Iteration 2:  Log likelihood = -28.562826
Iteration 3:  Log likelihood = -28.562815
Refining estimates:
Iteration 0:  Log likelihood = -28.562815

Cox regression with no ties

No. of subjects =     28                                Number of obs =     28
No. of failures =     10
Time at risk    = 32,247
                                                        LR chi2(1)    =   0.40
Log likelihood = -28.562815                             Prob > chi2   = 0.5265

------------------------------------------------------------------------------
          _t | Haz. ratio   Std. err.      z    P>|z|     [95% conf. interval]
-------------+----------------------------------------------------------------
      hormon |   .5377169   .5706307    -0.58   0.559     .0671815    4.303854
------------------------------------------------------------------------------

-> silo==13 

        Failure _d: censrec
  Analysis time _t: rectime

Iteration 0:  Log likelihood = -34.122305
Iteration 1:  Log likelihood = -33.922425
Iteration 2:  Log likelihood = -33.922121
Refining estimates:
Iteration 0:  Log likelihood = -33.922121

Cox regression with no ties

No. of subjects =     27                                Number of obs =     27
No. of failures =     12
Time at risk    = 28,226
                                                        LR chi2(1)    =   0.40
Log likelihood = -33.922121                             Prob > chi2   = 0.5269

------------------------------------------------------------------------------
          _t | Haz. ratio   Std. err.      z    P>|z|     [95% conf. interval]
-------------+----------------------------------------------------------------
      hormon |   .6793016   .4227409    -0.62   0.534     .2006067    2.300275
------------------------------------------------------------------------------

-> silo==14 

        Failure _d: censrec
  Analysis time _t: rectime

Iteration 0:  Log likelihood = -35.594084
Iteration 1:  Log likelihood = -35.401479
Iteration 2:  Log likelihood = -35.401471
Refining estimates:
Iteration 0:  Log likelihood = -35.401471

Cox regression with no ties

No. of subjects =     28                                Number of obs =     28
No. of failures =     13
Time at risk    = 34,957
                                                        LR chi2(1)    =   0.39
Log likelihood = -35.401471                             Prob > chi2   = 0.5348

------------------------------------------------------------------------------
          _t | Haz. ratio   Std. err.      z    P>|z|     [95% conf. interval]
-------------+----------------------------------------------------------------
      hormon |   1.415438   .7938368     0.62   0.536     .4715215    4.248937
------------------------------------------------------------------------------

-> silo==15 

        Failure _d: censrec
  Analysis time _t: rectime

Iteration 0:  Log likelihood = -38.911278
Iteration 1:  Log likelihood =  -38.77365
Iteration 2:  Log likelihood = -38.773329
Iteration 3:  Log likelihood = -38.773329
Refining estimates:
Iteration 0:  Log likelihood = -38.773329

Cox regression with no ties

No. of subjects =     27                                Number of obs =     27
No. of failures =     15
Time at risk    = 25,851
                                                        LR chi2(1)    =   0.28
Log likelihood = -38.773329                             Prob > chi2   = 0.5994

------------------------------------------------------------------------------
          _t | Haz. ratio   Std. err.      z    P>|z|     [95% conf. interval]
-------------+----------------------------------------------------------------
      hormon |   .7351242   .4392823    -0.51   0.607     .2278846    2.371409
------------------------------------------------------------------------------

-> silo==16 

        Failure _d: censrec
  Analysis time _t: rectime

Iteration 0:  Log likelihood = -40.234818
Iteration 1:  Log likelihood = -39.720969
Iteration 2:  Log likelihood =  -39.70734
Iteration 3:  Log likelihood = -39.707318
Refining estimates:
Iteration 0:  Log likelihood = -39.707318

Cox regression with no ties

No. of subjects =     28                                Number of obs =     28
No. of failures =     14
Time at risk    = 32,009
                                                        LR chi2(1)    =   1.05
Log likelihood = -39.707318                             Prob > chi2   = 0.3044

------------------------------------------------------------------------------
          _t | Haz. ratio   Std. err.      z    P>|z|     [95% conf. interval]
-------------+----------------------------------------------------------------
      hormon |   .4817982   .3710613    -0.95   0.343     .1064889    2.179846
------------------------------------------------------------------------------

-> silo==17 

        Failure _d: censrec
  Analysis time _t: rectime

Iteration 0:  Log likelihood = -50.065889
Iteration 1:  Log likelihood = -49.235837
Iteration 2:  Log likelihood =  -49.23005
Iteration 3:  Log likelihood = -49.230049
Refining estimates:
Iteration 0:  Log likelihood = -49.230049

Cox regression with no ties

No. of subjects =     27                                Number of obs =     27
No. of failures =     19
Time at risk    = 24,751
                                                        LR chi2(1)    =   1.67
Log likelihood = -49.230049                             Prob > chi2   = 0.1960

------------------------------------------------------------------------------
          _t | Haz. ratio   Std. err.      z    P>|z|     [95% conf. interval]
-------------+----------------------------------------------------------------
      hormon |   .5237737    .273796    -1.24   0.216     .1880135    1.459145
------------------------------------------------------------------------------

-> silo==18 

        Failure _d: censrec
  Analysis time _t: rectime

Iteration 0:  Log likelihood = -26.326986
Iteration 1:  Log likelihood = -25.814891
Iteration 2:  Log likelihood = -25.814192
Iteration 3:  Log likelihood = -25.814192
Refining estimates:
Iteration 0:  Log likelihood = -25.814192

Cox regression with no ties

No. of subjects =     27                                Number of obs =     27
No. of failures =      9
Time at risk    = 28,419
                                                        LR chi2(1)    =   1.03
Log likelihood = -25.814192                             Prob > chi2   = 0.3112

------------------------------------------------------------------------------
          _t | Haz. ratio   Std. err.      z    P>|z|     [95% conf. interval]
-------------+----------------------------------------------------------------
      hormon |     .49829   .3529796    -0.98   0.325     .1243101    1.997367
------------------------------------------------------------------------------

-> silo==19 

        Failure _d: censrec
  Analysis time _t: rectime

Iteration 0:  Log likelihood = -23.894499
Iteration 1:  Log likelihood = -22.107857
Iteration 2:  Log likelihood =  -22.09281
Iteration 3:  Log likelihood = -22.092792
Refining estimates:
Iteration 0:  Log likelihood = -22.092792

Cox regression with no ties

No. of subjects =     28                                Number of obs =     28
No. of failures =      9
Time at risk    = 34,357
                                                        LR chi2(1)    =   3.60
Log likelihood = -22.092792                             Prob > chi2   = 0.0577

------------------------------------------------------------------------------
          _t | Haz. ratio   Std. err.      z    P>|z|     [95% conf. interval]
-------------+----------------------------------------------------------------
      hormon |   .2496292   .2012674    -1.72   0.085     .0514045    1.212244
------------------------------------------------------------------------------

-> silo==20 

        Failure _d: censrec
  Analysis time _t: rectime

Iteration 0:  Log likelihood = -26.689891
Iteration 1:  Log likelihood = -26.688663
Iteration 2:  Log likelihood = -26.688663
Refining estimates:
Iteration 0:  Log likelihood = -26.688663

Cox regression with no ties

No. of subjects =     27                                Number of obs =     27
No. of failures =      9
Time at risk    = 31,200
                                                        LR chi2(1)    =   0.00
Log likelihood = -26.688663                             Prob > chi2   = 0.9605

------------------------------------------------------------------------------
          _t | Haz. ratio   Std. err.      z    P>|z|     [95% conf. interval]
-------------+----------------------------------------------------------------
      hormon |   1.054576      1.123     0.05   0.960     .1308123    8.501734
------------------------------------------------------------------------------

-> silo==21 

        Failure _d: censrec
  Analysis time _t: rectime

Iteration 0:  Log likelihood = -41.222615
Iteration 1:  Log likelihood = -40.869661
Iteration 2:  Log likelihood = -40.865976
Iteration 3:  Log likelihood = -40.865975
Refining estimates:
Iteration 0:  Log likelihood = -40.865975

Cox regression with no ties

No. of subjects =     28                                Number of obs =     28
No. of failures =     14
Time at risk    = 26,070
                                                        LR chi2(1)    =   0.71
Log likelihood = -40.865975                             Prob > chi2   = 0.3984

------------------------------------------------------------------------------
          _t | Haz. ratio   Std. err.      z    P>|z|     [95% conf. interval]
-------------+----------------------------------------------------------------
      hormon |   .5905441   .3857903    -0.81   0.420      .164127    2.124833
------------------------------------------------------------------------------

-> silo==22 

        Failure _d: censrec
  Analysis time _t: rectime

Iteration 0:  Log likelihood = -21.409297
Iteration 1:  Log likelihood = -20.412395
Iteration 2:  Log likelihood = -20.405012
Iteration 3:  Log likelihood = -20.405008
Refining estimates:
Iteration 0:  Log likelihood = -20.405008

Cox regression with no ties

No. of subjects =     27                                Number of obs =     27
No. of failures =      8
Time at risk    = 37,925
                                                        LR chi2(1)    =   2.01
Log likelihood = -20.405008                             Prob > chi2   = 0.1564

------------------------------------------------------------------------------
          _t | Haz. ratio   Std. err.      z    P>|z|     [95% conf. interval]
-------------+----------------------------------------------------------------
      hormon |    .338682   .2777137    -1.32   0.187     .0678923    1.689521
------------------------------------------------------------------------------

-> silo==23 

        Failure _d: censrec
  Analysis time _t: rectime

Iteration 0:  Log likelihood = -21.692995
Iteration 1:  Log likelihood = -21.515691
Iteration 2:  Log likelihood = -21.514959
Iteration 3:  Log likelihood = -21.514959
Refining estimates:
Iteration 0:  Log likelihood = -21.514959

Cox regression with no ties

No. of subjects =     28                                Number of obs =     28
No. of failures =      8
Time at risk    = 34,580
                                                        LR chi2(1)    =   0.36
Log likelihood = -21.514959                             Prob > chi2   = 0.5507

------------------------------------------------------------------------------
          _t | Haz. ratio   Std. err.      z    P>|z|     [95% conf. interval]
-------------+----------------------------------------------------------------
      hormon |   .6156971   .5160144    -0.58   0.563     .1191179    3.182419
------------------------------------------------------------------------------

-> silo==24 

        Failure _d: censrec
  Analysis time _t: rectime

Iteration 0:  Log likelihood = -32.211244
Iteration 1:  Log likelihood = -31.624374
Iteration 2:  Log likelihood =  -31.62073
Iteration 3:  Log likelihood = -31.620729
Refining estimates:
Iteration 0:  Log likelihood = -31.620729

Cox regression with no ties

No. of subjects =     27                                Number of obs =     27
No. of failures =     12
Time at risk    = 31,210
                                                        LR chi2(1)    =   1.18
Log likelihood = -31.620729                             Prob > chi2   = 0.2771

------------------------------------------------------------------------------
          _t | Haz. ratio   Std. err.      z    P>|z|     [95% conf. interval]
-------------+----------------------------------------------------------------
      hormon |   .4946991   .3352135    -1.04   0.299     .1310864    1.866915
------------------------------------------------------------------------------

-> silo==25 

        Failure _d: censrec
  Analysis time _t: rectime

Iteration 0:  Log likelihood = -31.213996
Iteration 1:  Log likelihood = -31.177147
Iteration 2:  Log likelihood = -31.177147
Refining estimates:
Iteration 0:  Log likelihood = -31.177147

Cox regression with no ties

No. of subjects =     27                                Number of obs =     27
No. of failures =     11
Time at risk    = 34,023
                                                        LR chi2(1)    =   0.07
Log likelihood = -31.177147                             Prob > chi2   = 0.7860

------------------------------------------------------------------------------
          _t | Haz. ratio   Std. err.      z    P>|z|     [95% conf. interval]
-------------+----------------------------------------------------------------
      hormon |   .8481423   .5155604    -0.27   0.786      .257661    2.791829
------------------------------------------------------------------------------

. egen d1 = sum(_d * hormon), by(silo)

. egen d0 = sum(_d * (1-hormon)), by(silo)

. egen p1 = sum(hormon), by(silo)

. egen p0 = sum((1-hormon)), by(silo)

. keep if !mi(B)
(661 observations deleted)

. keep silo B S d? p?

. rename B b

. rename S se

. format b se %6.3f

. 
. // Table 5 for paper: the selected data set
. l, noo clean

    silo        b      se   d1   d0   p1   p0  
       1   -0.064   0.544    5   11   10   18  
       2   -0.225   0.657    4    6   10   17  
       3    0.661   0.473    9    9   11   17  
       4   -0.822   0.674    3   11    8   19  
       5    0.714   0.614    5    6    8   20  
       6   -0.154   0.562    5    9   12   15  
       7    0.972   0.837    6    2   13   15  
       8    0.270   0.603    4    9    7   20  
       9   -0.870   0.617    4    9   13   14  
      10   -0.816   0.839    2    5   13   15  
      11   -1.364   0.791    2   10    8   19  
      12   -0.620   1.061    1    9    4   24  
      13   -0.387   0.622    4    8   10   17  
      14    0.347   0.561    7    6   11   17  
      15   -0.308   0.598    4   11    8   19  
      16   -0.730   0.770    2   12    7   21  
      17   -0.647   0.523    5   14    9   18  
      18   -0.697   0.708    3    6   13   14  
      19   -1.388   0.806    2    7   15   13  
      20    0.053   1.065    1    8    3   24  
      21   -0.527   0.653    3   11    7   21  
      22   -1.083   0.820    2    6   11   16  
      23   -0.485   0.838    2    6   11   17  
      24   -0.704   0.678    4    8   11   16  
      25   -0.165   0.608    5    6   13   14  

. 
. // two-stage Normal
. metan b se

Studies included: 25
Participants included: Unknown

Meta-analysis pooling of aggregate data
using the common-effect inverse-variance model

--------------------------------------------------------------------
Study                |   Effect    [95% Conf. Interval]   % Weight
---------------------+----------------------------------------------
1                    |    -0.064     -1.130     1.002       5.89
2                    |    -0.225     -1.512     1.062       4.04
3                    |     0.661     -0.265     1.588       7.80
4                    |    -0.822     -2.142     0.498       3.84
5                    |     0.714     -0.489     1.917       4.63
6                    |    -0.154     -1.256     0.947       5.52
7                    |     0.972     -0.669     2.613       2.49
8                    |     0.270     -0.911     1.451       4.80
9                    |    -0.870     -2.080     0.339       4.58
10                   |    -0.816     -2.460     0.828       2.48
11                   |    -1.364     -2.914     0.186       2.79
12                   |    -0.620     -2.700     1.460       1.55
13                   |    -0.387     -1.606     0.833       4.50
14                   |     0.347     -0.752     1.447       5.54
15                   |    -0.308     -1.479     0.863       4.88
16                   |    -0.730     -2.240     0.779       2.94
17                   |    -0.647     -1.671     0.378       6.38
18                   |    -0.697     -2.085     0.692       3.47
19                   |    -1.388     -2.968     0.192       2.68
20                   |     0.053     -2.034     2.140       1.54
21                   |    -0.527     -1.807     0.754       4.08
22                   |    -1.083     -2.690     0.524       2.59
23                   |    -0.485     -2.128     1.158       2.48
24                   |    -0.704     -2.032     0.624       3.80
25                   |    -0.165     -1.356     1.027       4.72
---------------------+----------------------------------------------
Overall, IV          |    -0.271     -0.530    -0.013     100.00
--------------------------------------------------------------------

Test of overall effect = 0:  z =  -2.056  p = 0.040


Heterogeneity measures, calculated from the data
with Conf. Intervals based on non-central chi² (common-effect) distribution for Q
---------------------------------------------------------
Measure              |     Value      df      p-value
---------------------+-----------------------------------
Cochran's Q          |     19.85       24      0.705
                     |            -[95% Conf. Interval]-
H                    |     0.910     1.000     1.281
I² (%)               |      0.0%      0.0%     39.0%
---------------------------------------------------------
H = relative excess in Cochran's Q over its degrees-of-freedom
I² = proportion of total variation in effect estimate due to between-study heterogeneity (based on Q
> )

. frame post res25_12 ("2SN") (r(eff)) (r(se_eff))

. // two-stage Poisson
. metafish b se, d(d1 d0) py(p1 p0)
Warning: the Poisson approximation mis-weights 1 studies by more than 10%. Consider using the wt
  option.

  +-----------------------------------------+
  | __000001      se   se from d     Weight |
  |-----------------------------------------|
  |       24   0.678    .6123725   .8167152 |
  +-----------------------------------------+
Two-stage common-effects meta-analysis by unweighted Poisson approximation:
------------------------------------------------------------------------------
        Meta | Coefficient  Std. err.      z    P>|z|     [95% conf. interval]
-------------+----------------------------------------------------------------
      pooled |   -.318935   .1271536    -2.51   0.012    -.5681515   -.0697185
------------------------------------------------------------------------------

. frame post res25_12 ("2SP") (r(eff)) (r(se_eff))

. metafish b se, d(d1 d0) py(p1 p0) wt
Note: the Poisson approximation would mis-weight 1 studies by more than 10%. The wt option will
  correct this.
Two-stage common-effects meta-analysis by weighted Poisson approximation:
------------------------------------------------------------------------------
        Meta | Coefficient  Std. err.      z    P>|z|     [95% conf. interval]
-------------+----------------------------------------------------------------
      pooled |  -.3143857   .1290513    -2.44   0.015    -.5673215   -.0614499
------------------------------------------------------------------------------

. frame post res25_12 ("2SPW") (r(eff)) (r(se_eff))

. 
. frame res25_12: l, noo clean

    method           b         se  
      1Sun   -.3638988   .1250441  
      1Sad    -.341817   .1276958  
       2SN    -.271487   .1320257  
       2SP    -.318935   .1271536  
      2SPW   -.3143857   .1290513  

. 
. log close
      name:  <unnamed>
       log:  C:\ian\git\metafish\brcancer\siloes.log
  log type:  text
 closed on:  29 May 2026, 18:43:58
----------------------------------------------------------------------------------------------------
